<?xml version="1.0" encoding="UTF-8"?>
<!-- Generated by org.testng.reporters.JUnitReportReporter -->
<testsuite ignored="0" hostname="DESKTOP-LJE285H" failures="0" tests="2" name="com.learnAutomation.testcases.LoginTestCRM" time="6.693" errors="0" timestamp="11 Jan 2022 16:18:15 GMT" skipped="0">
  <testcase classname="com.learnAutomation.testcases.LoginTestCRM" name="loginApp" time="5.855"/>
  <testcase classname="com.learnAutomation.testcases.LoginTestCRM" name="loginApp1" time="0.838"/>
</testsuite> <!-- com.learnAutomation.testcases.LoginTestCRM -->
